\BOOKMARK [0][-]{chapter.1}{La materia}{}% 1
\BOOKMARK [1][-]{section.1.1}{\277Qu\351 es la materia?}{chapter.1}% 2
\BOOKMARK [1][-]{section.1.2}{\277C\363mo se presenta la materia?}{chapter.1}% 3
\BOOKMARK [2][-]{subsection.1.2.1}{Estado s\363lido}{section.1.2}% 4
\BOOKMARK [2][-]{subsection.1.2.2}{Estado l\355quido}{section.1.2}% 5
\BOOKMARK [2][-]{subsection.1.2.3}{Estado gaseoso}{section.1.2}% 6
\BOOKMARK [1][-]{section.1.3}{Los cambios de estado}{chapter.1}% 7
\BOOKMARK [1][-]{section.1.4}{Las mezclas}{chapter.1}% 8
\BOOKMARK [2][-]{subsection.1.4.1}{Mezclas homog\351neas}{section.1.4}% 9
\BOOKMARK [2][-]{subsection.1.4.2}{Mezclas heterog\351neas}{section.1.4}% 10
\BOOKMARK [1][-]{section.1.5}{Separaci\363n de mezclas}{chapter.1}% 11
\BOOKMARK [2][-]{subsection.1.5.1}{Separaci\363n de mezclas heterog\351neas}{section.1.5}% 12
\BOOKMARK [2][-]{subsection.1.5.2}{Separaci\363n de mezclas heterog\351neas}{section.1.5}% 13
\BOOKMARK [0][-]{chapter.2}{Cambios F\355sicos}{}% 14
\BOOKMARK [0][-]{chapter.3}{Cambios Qu\355micos}{}% 15
\BOOKMARK [0][-]{chapter.4}{La luz y el sonido}{}% 16
\BOOKMARK [1][-]{section.4.1}{\277Qu\351 es la luz?}{chapter.4}% 17
\BOOKMARK [1][-]{section.4.2}{\277Qu\351 objetos transmite luz?}{chapter.4}% 18
\BOOKMARK [1][-]{section.4.3}{\277C\363mo se propaga la luz?}{chapter.4}% 19
\BOOKMARK [1][-]{section.4.4}{\277C\363mo se comportan los objetos ante la luz?}{chapter.4}% 20
\BOOKMARK [0][-]{chapter.5}{Electricidad y magnetismo}{}% 21
\BOOKMARK [0][-]{chapter.6}{El calor}{}% 22
\BOOKMARK [1][-]{section.6.1}{\277Qu\351 es el calor?}{chapter.6}% 23
\BOOKMARK [1][-]{section.6.2}{\277C\363mo se transmite el calor?}{chapter.6}% 24
\BOOKMARK [2][-]{subsection.6.2.1}{Conducci\363n}{section.6.2}% 25
\BOOKMARK [2][-]{subsection.6.2.2}{Convecci\363n}{section.6.2}% 26
\BOOKMARK [2][-]{subsection.6.2.3}{Radiaci\363n}{section.6.2}% 27
\BOOKMARK [1][-]{section.6.3}{\277Qu\351 efectos produce el calor?}{chapter.6}% 28
\BOOKMARK [2][-]{subsection.6.3.1}{La dilataci\363n}{section.6.3}% 29
\BOOKMARK [2][-]{subsection.6.3.2}{La contracci\363n}{section.6.3}% 30
\BOOKMARK [0][-]{chapter.7}{La energ\355a}{}% 31
\BOOKMARK [0][-]{chapter.8}{Las m\341quinas}{}% 32
